<?xml version="1.0" encoding="UTF-8"?>
<!-- Generated by org.testng.reporters.JUnitReportReporter -->
<testsuite hostname="LAPTOP-G3985CDU" failures="0" tests="4" name="Test.TestCart" time="69.934" errors="0" timestamp="2023-01-10T23:17:05 IST" skipped="0">
  <testcase classname="Test.TestCart" name="AddtoCart" time="26.578"/>
  <system-out/>
  <testcase classname="Test.TestCart" name="AddtoCart" time="27.487"/>
  <system-out/>
  <testcase classname="Test.TestCart" name="RemoveFromCart" time="8.663"/>
  <system-out/>
  <testcase classname="Test.TestCart" name="RemoveFromCart" time="7.206"/>
  <system-out/>
</testsuite> <!-- Test.TestCart -->
