<?xml version="1.0" encoding="UTF-8"?>
<!-- Generated by org.testng.reporters.JUnitReportReporter -->
<testsuite hostname="LAPTOP-G3985CDU" failures="0" tests="2" name="Test.AddtoCartTest" time="20.449" errors="0" timestamp="2022-10-16T22:59:42 IST" skipped="0">
  <testcase classname="Test.AddtoCartTest" name="test1" time="18.389"/>
  <system-out/>
  <testcase classname="Test.AddtoCartTest" name="test2" time="2.060"/>
  <system-out/>
</testsuite> <!-- Test.AddtoCartTest -->
