<?xml version="1.0" encoding="UTF-8"?>
<!-- Generated by org.testng.reporters.JUnitReportReporter -->
<testsuite hostname="LAPTOP-G3985CDU" failures="0" tests="4" name="Test.TestCart" time="50.995" errors="0" timestamp="2022-11-28T13:27:14 IST" skipped="0">
  <testcase classname="Test.TestCart" name="AddtoCart" time="21.564"/>
  <system-out/>
  <testcase classname="Test.TestCart" name="AddtoCart" time="21.617"/>
  <system-out/>
  <testcase classname="Test.TestCart" name="RemoveFromCart" time="3.603"/>
  <system-out/>
  <testcase classname="Test.TestCart" name="RemoveFromCart" time="4.211"/>
  <system-out/>
</testsuite> <!-- Test.TestCart -->
