<?xml version="1.0" encoding="UTF-8"?>
<!-- Generated by org.testng.reporters.JUnitReportReporter -->
<testsuite hostname="LAPTOP-G3985CDU" failures="0" tests="4" name="Test.TestYourAccountandOrders" time="25.804" errors="0" timestamp="2022-11-28T13:27:14 IST" skipped="0">
  <testcase classname="Test.TestYourAccountandOrders" name="verifyYourAccount" time="6.452"/>
  <system-out/>
  <testcase classname="Test.TestYourAccountandOrders" name="verifyYourAccount" time="5.668"/>
  <system-out/>
  <testcase classname="Test.TestYourAccountandOrders" name="verifyYourOrders" time="7.564"/>
  <system-out/>
  <testcase classname="Test.TestYourAccountandOrders" name="verifyYourOrders" time="6.120"/>
  <system-out/>
</testsuite> <!-- Test.TestYourAccountandOrders -->
