<?xml version="1.0" encoding="UTF-8"?>
<!-- Generated by org.testng.reporters.JUnitReportReporter -->
<testsuite hostname="LAPTOP-G3985CDU" failures="0" tests="4" name="Test.TestYourAccountandOrders" time="33.234" errors="0" timestamp="2023-01-10T23:17:05 IST" skipped="0">
  <testcase classname="Test.TestYourAccountandOrders" name="verifyYourAccount" time="5.530"/>
  <system-out/>
  <testcase classname="Test.TestYourAccountandOrders" name="verifyYourAccount" time="5.940"/>
  <system-out/>
  <testcase classname="Test.TestYourAccountandOrders" name="verifyYourOrders" time="11.349"/>
  <system-out/>
  <testcase classname="Test.TestYourAccountandOrders" name="verifyYourOrders" time="10.415"/>
  <system-out/>
</testsuite> <!-- Test.TestYourAccountandOrders -->
